<?xml version="1.0" encoding="UTF-8"?>
<!-- Generated by org.testng.reporters.JUnitXMLReporter -->
<testsuite ignored="5" hostname="DESKTOP-4N84MDJ" failures="0" tests="1" name="Default test" time="47.409" errors="0" timestamp="2024-04-16T14:12:26 IST">
  <testcase classname="retailer.tests.profileValidiation" name="checkCompanyAddress" time="29.45"/>
  <testcase classname="retailer.tests.profileValidiation" name="rejectorder" time="0.0">
    <ignored/>
  </testcase> <!-- rejectorder -->
  <testcase classname="retailer.tests.profileValidiation" name="checkprivacypolicy" time="0.0">
    <ignored/>
  </testcase> <!-- checkprivacypolicy -->
  <testcase classname="retailer.tests.profileValidiation" name="checkCompanyLink" time="0.0">
    <ignored/>
  </testcase> <!-- checkCompanyLink -->
  <testcase classname="retailer.tests.profileValidiation" name="editProfile" time="0.0">
    <ignored/>
  </testcase> <!-- editProfile -->
  <testcase classname="retailer.tests.profileValidiation" name="checktermsandcondtion" time="0.0">
    <ignored/>
  </testcase> <!-- checktermsandcondtion -->
</testsuite> <!-- Default test -->
