<?xml version="1.0" encoding="UTF-8"?>
<testng-results ignored="5" total="6" passed="1" failed="0" skipped="0">
  <reporter-output>
  </reporter-output>
  <suite started-at="2024-04-16T14:11:39 IST" name="Default suite" finished-at="2024-04-16T14:12:26 IST" duration-ms="47409">
    <groups>
    </groups>
    <test started-at="2024-04-16T14:11:39 IST" name="Default test" finished-at="2024-04-16T14:12:26 IST" duration-ms="47409">
      <class name="retailer.tests.profileValidiation">
        <test-method is-config="true" signature="launchApplication()[pri:0, instance:retailer.tests.profileValidiation@6771beb3]" started-at="2024-04-16T14:11:39 IST" name="launchApplication" finished-at="2024-04-16T14:11:56 IST" duration-ms="17161" status="PASS">
          <reporter-output>
          </reporter-output>
        </test-method> <!-- launchApplication -->
        <test-method signature="checkCompanyAddress()[pri:0, instance:retailer.tests.profileValidiation@6771beb3]" started-at="2024-04-16T14:11:56 IST" name="checkCompanyAddress" finished-at="2024-04-16T14:12:25 IST" duration-ms="29450" status="PASS">
          <reporter-output>
          </reporter-output>
        </test-method> <!-- checkCompanyAddress -->
        <test-method is-config="true" signature="closeapplication()[pri:0, instance:retailer.tests.profileValidiation@6771beb3]" started-at="2024-04-16T14:12:25 IST" name="closeapplication" finished-at="2024-04-16T14:12:26 IST" duration-ms="687" status="PASS">
          <reporter-output>
          </reporter-output>
        </test-method> <!-- closeapplication -->
      </class> <!-- retailer.tests.profileValidiation -->
    </test> <!-- Default test -->
  </suite> <!-- Default suite -->
</testng-results>
